<?xml version="1.0" encoding="UTF-8"?>
<!-- Generated by org.testng.reporters.JUnitReportReporter -->
<testsuite hostname="Nads" failures="0" tests="4" name="test.RegistrationTest" time="6.327" errors="0" timestamp="2024-06-24T13:04:10 PST" skipped="0">
  <testcase classname="test.RegistrationTest" name="registration" time="0.001"/>
  <testcase classname="test.RegistrationTest" name="registration" time="0.003"/>
  <testcase classname="test.RegistrationTest" name="registration" time="0.000"/>
  <testcase classname="test.RegistrationTest" name="registration" time="6.323"/>
</testsuite> <!-- test.RegistrationTest -->
