<?xml version="1.0" encoding="UTF-8"?>
<!-- Generated by org.testng.reporters.JUnitReportReporter -->
<testsuite hostname="Nads" failures="0" tests="6" name="test.LoginTest" time="5.910" errors="0" timestamp="2024-06-24T13:04:10 PST" skipped="0">
  <testcase classname="test.LoginTest" name="login" time="0.000"/>
  <testcase classname="test.LoginTest" name="login" time="0.000"/>
  <testcase classname="test.LoginTest" name="login" time="5.908"/>
  <testcase classname="test.LoginTest" name="login" time="0.000"/>
  <testcase classname="test.LoginTest" name="login" time="0.002"/>
  <testcase classname="test.LoginTest" name="login" time="0.000"/>
</testsuite> <!-- test.LoginTest -->
