<?xml version="1.0" encoding="UTF-8"?>
<!-- Generated by org.testng.reporters.JUnitReportReporter -->
<testsuite hostname="Nads" failures="0" tests="1" name="test.HomePageTest" time="28.952" errors="0" timestamp="2025-09-03T14:32:57 PST" skipped="0">
  <testcase classname="test.HomePageTest" name="placeOrder" time="28.952"/>
  <system-out/>
</testsuite> <!-- test.HomePageTest -->
