<?xml version="1.0" encoding="UTF-8"?>
<!-- Generated by org.testng.reporters.JUnitReportReporter -->
<testsuite hostname="Nads" failures="0" tests="6" name="test.LoginTest" time="13.393" errors="0" timestamp="2024-06-04T17:25:38 PST" skipped="0">
  <testcase classname="test.LoginTest" name="login" time="5.402"/>
  <system-out/>
  <testcase classname="test.LoginTest" name="login" time="0.000"/>
  <system-out/>
  <testcase classname="test.LoginTest" name="login" time="0.000"/>
  <system-out/>
  <testcase classname="test.LoginTest" name="login" time="0.000"/>
  <system-out/>
  <testcase classname="test.LoginTest" name="login" time="0.006"/>
  <system-out/>
  <testcase classname="test.LoginTest" name="login" time="7.985"/>
  <system-out/>
</testsuite> <!-- test.LoginTest -->
