<?xml version="1.0" encoding="UTF-8"?>
<!-- Generated by org.testng.reporters.JUnitReportReporter -->
<testsuite hostname="Nads" failures="0" tests="1" name="test.GoogleSearchTest" time="1.236" errors="0" timestamp="2024-05-14T20:33:45 PST" skipped="0">
  <testcase classname="test.GoogleSearchTest" name="verifyGoogleSearch" time="1.236"/>
  <system-out/>
</testsuite> <!-- test.GoogleSearchTest -->
