<?xml version="1.0" encoding="UTF-8"?>
<!-- Generated by org.testng.reporters.JUnitReportReporter -->
<testsuite hostname="Nads" failures="0" tests="5" name="test.LoginTest" time="27.917" errors="0" timestamp="2025-09-03T13:58:58 PST" skipped="0">
  <testcase classname="test.LoginTest" name="login" time="5.464"/>
  <system-out/>
  <testcase classname="test.LoginTest" name="login" time="8.750"/>
  <system-out/>
  <testcase classname="test.LoginTest" name="login" time="6.416"/>
  <system-out/>
  <testcase classname="test.LoginTest" name="login" time="7.281"/>
  <system-out/>
  <testcase classname="test.LoginTest" name="login" time="0.006"/>
  <system-out/>
</testsuite> <!-- test.LoginTest -->
