<?xml version="1.0" encoding="UTF-8"?>
<!-- Generated by org.testng.reporters.JUnitReportReporter -->
<testsuite hostname="Nads" failures="0" tests="6" name="test.LoginTest" time="58.826" errors="0" timestamp="2024-07-04T15:11:01 PST" skipped="0">
  <testcase classname="test.LoginTest" name="login" time="11.517"/>
  <system-out/>
  <testcase classname="test.LoginTest" name="login" time="11.904"/>
  <system-out/>
  <testcase classname="test.LoginTest" name="login" time="10.776"/>
  <system-out/>
  <testcase classname="test.LoginTest" name="login" time="12.030"/>
  <system-out/>
  <testcase classname="test.LoginTest" name="login" time="12.587"/>
  <system-out/>
  <testcase classname="test.LoginTest" name="login" time="0.012"/>
  <system-out/>
</testsuite> <!-- test.LoginTest -->
