<?xml version="1.0" encoding="UTF-8"?>
<!-- Generated by org.testng.reporters.JUnitReportReporter -->
<testsuite hostname="Nads" failures="0" tests="1" name="test.HomePageTest" time="17.976" errors="0" timestamp="2024-07-04T16:43:37 PST" skipped="0">
  <testcase classname="test.HomePageTest" name="placeOrder" time="17.976"/>
  <system-out/>
</testsuite> <!-- test.HomePageTest -->
