<?xml version="1.0" encoding="UTF-8"?>
<!-- Generated by org.testng.reporters.JUnitReportReporter -->
<testsuite hostname="Nads" failures="0" tests="1" name="test.GoogleSearch" time="4.915" errors="0" timestamp="2024-05-07T13:10:15 PST" skipped="0">
  <testcase classname="test.GoogleSearch" name="setUp" time="4.915"/>
</testsuite> <!-- test.GoogleSearch -->
