<?xml version="1.0" encoding="UTF-8"?>
<!-- Generated by org.testng.reporters.JUnitReportReporter -->
<testsuite hostname="Nads" failures="0" tests="4" name="test.RegistrationTest" time="8.591" errors="0" timestamp="2024-06-04T19:35:28 PST" skipped="0">
  <testcase classname="test.RegistrationTest" name="registration" time="0.006"/>
  <system-out/>
  <testcase classname="test.RegistrationTest" name="registration" time="8.585"/>
  <system-out/>
  <testcase classname="test.RegistrationTest" name="registration" time="0.000"/>
  <system-out/>
  <testcase classname="test.RegistrationTest" name="registration" time="0.000"/>
  <system-out/>
</testsuite> <!-- test.RegistrationTest -->
