<?xml version="1.0" encoding="UTF-8"?>
<!-- Generated by org.testng.reporters.JUnitReportReporter -->
<testsuite hostname="Nads" failures="0" tests="2" name="test.RegisterPageTest" time="1.679" errors="0" timestamp="2024-05-14T23:07:55 PST" skipped="0">
  <testcase classname="test.RegisterPageTest" name="register" time="1.501"/>
  <system-out/>
  <testcase classname="test.RegisterPageTest" name="verifyRegisterForm" time="0.178"/>
  <system-out/>
</testsuite> <!-- test.RegisterPageTest -->
