<?xml version="1.0" encoding="UTF-8"?>
<!-- Generated by org.testng.reporters.JUnitReportReporter -->
<testsuite hostname="Nads" failures="0" tests="4" name="test.RegistrationTest" time="32.602" errors="0" timestamp="2024-07-04T15:08:31 PST" skipped="0">
  <testcase classname="test.RegistrationTest" name="registration" time="10.573"/>
  <system-out/>
  <testcase classname="test.RegistrationTest" name="registration" time="10.819"/>
  <system-out/>
  <testcase classname="test.RegistrationTest" name="registration" time="11.201"/>
  <system-out/>
  <testcase classname="test.RegistrationTest" name="registration" time="0.009"/>
  <system-out/>
</testsuite> <!-- test.RegistrationTest -->
